<?xml version="1.0" encoding="UTF-8"?>
<testng-results skipped="0" failed="0" ignored="0" total="1" passed="1">
  <reporter-output>
  </reporter-output>
  <suite name="Default suite" duration-ms="14989" started-at="2020-01-20T04:54:33Z" finished-at="2020-01-20T04:54:48Z">
    <groups>
    </groups>
    <test name="Default test" duration-ms="14989" started-at="2020-01-20T04:54:33Z" finished-at="2020-01-20T04:54:48Z">
      <class name="com.training.sanity.tests.CYTC_33">
        <test-method status="PASS" signature="setUpBeforeClass()[pri:0, instance:com.training.sanity.tests.CYTC_33@7d9d1a19]" name="setUpBeforeClass" is-config="true" duration-ms="25" started-at="2020-01-20T04:54:33Z" finished-at="2020-01-20T04:54:33Z">
          <reporter-output>
          </reporter-output>
        </test-method> <!-- setUpBeforeClass -->
        <test-method status="PASS" signature="setUp()[pri:0, instance:com.training.sanity.tests.CYTC_33@7d9d1a19]" name="setUp" is-config="true" duration-ms="11318" started-at="2020-01-20T04:54:33Z" finished-at="2020-01-20T04:54:45Z">
          <reporter-output>
          </reporter-output>
        </test-method> <!-- setUp -->
        <test-method status="PASS" signature="validLoginTest()[pri:0, instance:com.training.sanity.tests.CYTC_33@7d9d1a19]" name="validLoginTest" duration-ms="3631" started-at="2020-01-20T04:54:45Z" finished-at="2020-01-20T04:54:48Z">
          <reporter-output>
          </reporter-output>
        </test-method> <!-- validLoginTest -->
      </class> <!-- com.training.sanity.tests.CYTC_33 -->
    </test> <!-- Default test -->
  </suite> <!-- Default suite -->
</testng-results>
